app/build/intermediates/manifest_merge_blame_file/debug/manifest-merger-blame-debug-report.txt
1<?xml version="1.0" encoding="utf-8"?>
2<manifest xmlns:android="http://schemas.android.com/apk/res/android"
3    package="com.example.mindcontrol"
4    android:versionCode="1"
5    android:versionName="1.0" >
6
7    <uses-sdk
8        android:minSdkVersion="29"
9        android:targetSdkVersion="34" />
10
11    <uses-permission android:name="android.permission.QUERY_ALL_PACKAGES" />
11-->src\main\AndroidManifest.xml:5:5-6:53
11-->src\main\AndroidManifest.xml:5:22-74
12    <uses-permission android:name="android.permission.FOREGROUND_SERVICE" />
12-->src\main\AndroidManifest.xml:7:5-77
12-->src\main\AndroidManifest.xml:7:22-74
13    <uses-permission android:name="android.permission.FOREGROUND_SERVICE_SPECIAL_USE" />
13-->src\main\AndroidManifest.xml:8:5-89
13-->src\main\AndroidManifest.xml:8:22-86
14    <uses-permission android:name="android.permission.RECEIVE_BOOT_COMPLETED" />
14-->src\main\AndroidManifest.xml:9:5-81
14-->src\main\AndroidManifest.xml:9:22-78
15    <uses-permission android:name="android.permission.POST_NOTIFICATIONS" />
15-->src\main\AndroidManifest.xml:10:5-77
15-->src\main\AndroidManifest.xml:10:22-74
16    <uses-permission android:name="android.permission.SYSTEM_ALERT_WINDOW" />
16-->src\main\AndroidManifest.xml:11:5-78
16-->src\main\AndroidManifest.xml:11:22-75
17    <uses-permission android:name="android.permission.REORDER_TASKS" />
17-->src\main\AndroidManifest.xml:12:5-72
17-->src\main\AndroidManifest.xml:12:22-69
18    <uses-permission android:name="android.permission.VIBRATE" />
18-->src\main\AndroidManifest.xml:13:5-66
18-->src\main\AndroidManifest.xml:13:22-63
19
20    <permission
20-->[androidx.core:core:1.10.1] AndroidManifest.xml:22:5-24:47
21        android:name="com.example.mindcontrol.DYNAMIC_RECEIVER_NOT_EXPORTED_PERMISSION"
21-->[androidx.core:core:1.10.1] AndroidManifest.xml:23:9-81
22        android:protectionLevel="signature" />
22-->[androidx.core:core:1.10.1] AndroidManifest.xml:24:9-44
23
24    <uses-permission android:name="com.example.mindcontrol.DYNAMIC_RECEIVER_NOT_EXPORTED_PERMISSION" />
24-->[androidx.core:core:1.10.1] AndroidManifest.xml:26:5-97
24-->[androidx.core:core:1.10.1] AndroidManifest.xml:26:22-94
25
26    <application
26-->src\main\AndroidManifest.xml:15:5-65:19
27        android:allowBackup="true"
27-->src\main\AndroidManifest.xml:16:9-35
28        android:appComponentFactory="androidx.core.app.CoreComponentFactory"
28-->[androidx.core:core:1.10.1] AndroidManifest.xml:28:18-86
29        android:dataExtractionRules="@xml/data_extraction_rules"
29-->src\main\AndroidManifest.xml:17:9-65
30        android:debuggable="true"
31        android:extractNativeLibs="false"
32        android:fullBackupContent="@xml/backup_rules"
32-->src\main\AndroidManifest.xml:18:9-54
33        android:icon="@drawable/ic_launcher"
33-->src\main\AndroidManifest.xml:19:9-45
34        android:label="@string/app_name"
34-->src\main\AndroidManifest.xml:20:9-41
35        android:roundIcon="@drawable/ic_launcher"
35-->src\main\AndroidManifest.xml:21:9-50
36        android:supportsRtl="true"
36-->src\main\AndroidManifest.xml:22:9-35
37        android:theme="@style/Theme.MindControl" >
37-->src\main\AndroidManifest.xml:23:9-49
38        <activity
38-->src\main\AndroidManifest.xml:26:9-34:20
39            android:name="com.example.mindcontrol.MainActivity"
39-->src\main\AndroidManifest.xml:27:13-41
40            android:exported="true"
40-->src\main\AndroidManifest.xml:28:13-36
41            android:launchMode="singleTask" >
41-->src\main\AndroidManifest.xml:29:13-44
42            <intent-filter>
42-->src\main\AndroidManifest.xml:30:13-33:29
43                <action android:name="android.intent.action.MAIN" />
43-->src\main\AndroidManifest.xml:31:17-69
43-->src\main\AndroidManifest.xml:31:25-66
44
45                <category android:name="android.intent.category.LAUNCHER" />
45-->src\main\AndroidManifest.xml:32:17-77
45-->src\main\AndroidManifest.xml:32:27-74
46            </intent-filter>
47        </activity>
48
49        <service
49-->src\main\AndroidManifest.xml:36:9-46:19
50            android:name="com.example.mindcontrol.LockService"
50-->src\main\AndroidManifest.xml:37:13-40
51            android:exported="true"
51-->src\main\AndroidManifest.xml:39:13-36
52            android:permission="android.permission.BIND_ACCESSIBILITY_SERVICE" >
52-->src\main\AndroidManifest.xml:38:13-79
53            <intent-filter>
53-->src\main\AndroidManifest.xml:40:13-42:29
54                <action android:name="android.accessibilityservice.AccessibilityService" />
54-->src\main\AndroidManifest.xml:41:17-92
54-->src\main\AndroidManifest.xml:41:25-89
55            </intent-filter>
56
57            <meta-data
57-->src\main\AndroidManifest.xml:43:13-45:72
58                android:name="android.accessibilityservice"
58-->src\main\AndroidManifest.xml:44:17-60
59                android:resource="@xml/accessibility_service_config" />
59-->src\main\AndroidManifest.xml:45:17-69
60        </service>
61        <service
61-->src\main\AndroidManifest.xml:48:9-54:19
62            android:name="com.example.mindcontrol.TimerService"
62-->src\main\AndroidManifest.xml:49:13-41
63            android:enabled="true"
63-->src\main\AndroidManifest.xml:50:13-35
64            android:exported="false"
64-->src\main\AndroidManifest.xml:51:13-37
65            android:foregroundServiceType="specialUse" >
65-->src\main\AndroidManifest.xml:52:13-55
66            <property
66-->src\main\AndroidManifest.xml:53:13-112
67                android:name="android.app.property.FOREGROUND_SERVICE_TYPE"
67-->src\main\AndroidManifest.xml:53:23-82
68                android:value="specialUse" />
68-->src\main\AndroidManifest.xml:53:83-109
69        </service>
70
71        <receiver
71-->src\main\AndroidManifest.xml:56:9-63:20
72            android:name="com.example.mindcontrol.BootReceiver"
72-->src\main\AndroidManifest.xml:57:13-41
73            android:enabled="true"
73-->src\main\AndroidManifest.xml:58:13-35
74            android:exported="true" >
74-->src\main\AndroidManifest.xml:59:13-36
75            <intent-filter>
75-->src\main\AndroidManifest.xml:60:13-62:29
76                <action android:name="android.intent.action.BOOT_COMPLETED" />
76-->src\main\AndroidManifest.xml:61:17-79
76-->src\main\AndroidManifest.xml:61:25-76
77            </intent-filter>
78        </receiver>
79
80        <provider
80-->[androidx.emoji2:emoji2:1.2.0] AndroidManifest.xml:24:9-32:20
81            android:name="androidx.startup.InitializationProvider"
81-->[androidx.emoji2:emoji2:1.2.0] AndroidManifest.xml:25:13-67
82            android:authorities="com.example.mindcontrol.androidx-startup"
82-->[androidx.emoji2:emoji2:1.2.0] AndroidManifest.xml:26:13-68
83            android:exported="false" >
83-->[androidx.emoji2:emoji2:1.2.0] AndroidManifest.xml:27:13-37
84            <meta-data
84-->[androidx.emoji2:emoji2:1.2.0] AndroidManifest.xml:29:13-31:52
85                android:name="androidx.emoji2.text.EmojiCompatInitializer"
85-->[androidx.emoji2:emoji2:1.2.0] AndroidManifest.xml:30:17-75
86                android:value="androidx.startup" />
86-->[androidx.emoji2:emoji2:1.2.0] AndroidManifest.xml:31:17-49
87            <meta-data
87-->[androidx.lifecycle:lifecycle-process:2.6.1] AndroidManifest.xml:29:13-31:52
88                android:name="androidx.lifecycle.ProcessLifecycleInitializer"
88-->[androidx.lifecycle:lifecycle-process:2.6.1] AndroidManifest.xml:30:17-78
89                android:value="androidx.startup" />
89-->[androidx.lifecycle:lifecycle-process:2.6.1] AndroidManifest.xml:31:17-49
90            <meta-data
90-->[androidx.profileinstaller:profileinstaller:1.3.0] AndroidManifest.xml:29:13-31:52
91                android:name="androidx.profileinstaller.ProfileInstallerInitializer"
91-->[androidx.profileinstaller:profileinstaller:1.3.0] AndroidManifest.xml:30:17-85
92                android:value="androidx.startup" />
92-->[androidx.profileinstaller:profileinstaller:1.3.0] AndroidManifest.xml:31:17-49
93        </provider>
94
95        <receiver
95-->[androidx.profileinstaller:profileinstaller:1.3.0] AndroidManifest.xml:34:9-52:20
96            android:name="androidx.profileinstaller.ProfileInstallReceiver"
96-->[androidx.profileinstaller:profileinstaller:1.3.0] AndroidManifest.xml:35:13-76
97            android:directBootAware="false"
97-->[androidx.profileinstaller:profileinstaller:1.3.0] AndroidManifest.xml:36:13-44
98            android:enabled="true"
98-->[androidx.profileinstaller:profileinstaller:1.3.0] AndroidManifest.xml:37:13-35
99            android:exported="true"
99-->[androidx.profileinstaller:profileinstaller:1.3.0] AndroidManifest.xml:38:13-36
100            android:permission="android.permission.DUMP" >
100-->[androidx.profileinstaller:profileinstaller:1.3.0] AndroidManifest.xml:39:13-57
101            <intent-filter>
101-->[androidx.profileinstaller:profileinstaller:1.3.0] AndroidManifest.xml:40:13-42:29
102                <action android:name="androidx.profileinstaller.action.INSTALL_PROFILE" />
102-->[androidx.profileinstaller:profileinstaller:1.3.0] AndroidManifest.xml:41:17-91
102-->[androidx.profileinstaller:profileinstaller:1.3.0] AndroidManifest.xml:41:25-88
103            </intent-filter>
104            <intent-filter>
104-->[androidx.profileinstaller:profileinstaller:1.3.0] AndroidManifest.xml:43:13-45:29
105                <action android:name="androidx.profileinstaller.action.SKIP_FILE" />
105-->[androidx.profileinstaller:profileinstaller:1.3.0] AndroidManifest.xml:44:17-85
105-->[androidx.profileinstaller:profileinstaller:1.3.0] AndroidManifest.xml:44:25-82
106            </intent-filter>
107            <intent-filter>
107-->[androidx.profileinstaller:profileinstaller:1.3.0] AndroidManifest.xml:46:13-48:29
108                <action android:name="androidx.profileinstaller.action.SAVE_PROFILE" />
108-->[androidx.profileinstaller:profileinstaller:1.3.0] AndroidManifest.xml:47:17-88
108-->[androidx.profileinstaller:profileinstaller:1.3.0] AndroidManifest.xml:47:25-85
109            </intent-filter>
110            <intent-filter>
110-->[androidx.profileinstaller:profileinstaller:1.3.0] AndroidManifest.xml:49:13-51:29
111                <action android:name="androidx.profileinstaller.action.BENCHMARK_OPERATION" />
111-->[androidx.profileinstaller:profileinstaller:1.3.0] AndroidManifest.xml:50:17-95
111-->[androidx.profileinstaller:profileinstaller:1.3.0] AndroidManifest.xml:50:25-92
112            </intent-filter>
113        </receiver>
114    </application>
115
116</manifest>